[INFO]@3.122: Created Vulkan instance!
[INFO]@3.122: Debug reporting enabled!
[VULKAN]@3.122: Device Extension: VK_KHR_sampler_mirror_clamp_to_edge (/usr/lib/amdvlk64.so) version 0.0.1
[VULKAN]@3.122: Device Extension: VK_KHR_shader_draw_parameters (/usr/lib/amdvlk64.so) version 0.0.1
[VULKAN]@3.122: Device Extension: VK_KHR_swapchain (/usr/lib/amdvlk64.so) version 0.0.70
[VULKAN]@3.122: Device Extension: VK_KHR_maintenance1 (/usr/lib/amdvlk64.so) version 0.0.2
[VULKAN]@3.122: Device Extension: VK_KHR_maintenance2 (/usr/lib/amdvlk64.so) version 0.0.1
[VULKAN]@3.122: Device Extension: VK_KHR_maintenance3 (/usr/lib/amdvlk64.so) version 0.0.1
[VULKAN]@3.122: Device Extension: VK_KHR_relaxed_block_layout (/usr/lib/amdvlk64.so) version 0.0.1
[VULKAN]@3.122: Device Extension: VK_KHR_dedicated_allocation (/usr/lib/amdvlk64.so) version 0.0.3
[VULKAN]@3.122: Device Extension: VK_KHR_descriptor_update_template (/usr/lib/amdvlk64.so) version 0.0.1
[VULKAN]@3.122: Device Extension: VK_KHR_external_memory (/usr/lib/amdvlk64.so) version 0.0.1
[VULKAN]@3.122: Device Extension: VK_KHR_external_memory_fd (/usr/lib/amdvlk64.so) version 0.0.1
[VULKAN]@3.122: Device Extension: VK_KHR_device_group (/usr/lib/amdvlk64.so) version 0.0.3
[VULKAN]@3.122: Device Extension: VK_KHX_device_group (/usr/lib/amdvlk64.so) version 0.0.2
[VULKAN]@3.122: Device Extension: VK_KHR_bind_memory2 (/usr/lib/amdvlk64.so) version 0.0.1
[VULKAN]@3.122: Device Extension: VK_KHR_external_semaphore (/usr/lib/amdvlk64.so) version 0.0.1
[VULKAN]@3.122: Device Extension: VK_KHR_external_semaphore_fd (/usr/lib/amdvlk64.so) version 0.0.1
[VULKAN]@3.122: Device Extension: VK_AMD_rasterization_order (/usr/lib/amdvlk64.so) version 0.0.1
[VULKAN]@3.122: Device Extension: VK_AMD_shader_ballot (/usr/lib/amdvlk64.so) version 0.0.1
[VULKAN]@3.122: Device Extension: VK_AMD_shader_trinary_minmax (/usr/lib/amdvlk64.so) version 0.0.1
[VULKAN]@3.123: Device Extension: VK_AMD_shader_explicit_vertex_parameter (/usr/lib/amdvlk64.so) version 0.0.1
[VULKAN]@3.123: Device Extension: VK_AMD_gcn_shader (/usr/lib/amdvlk64.so) version 0.0.1
[VULKAN]@3.123: Device Extension: VK_AMD_draw_indirect_count (/usr/lib/amdvlk64.so) version 0.0.1
[VULKAN]@3.123: Device Extension: VK_AMD_shader_info (/usr/lib/amdvlk64.so) version 0.0.1
[VULKAN]@3.123: Device Extension: VK_EXT_sampler_filter_minmax (/usr/lib/amdvlk64.so) version 0.0.1
[VULKAN]@3.123: Device Extension: VK_AMD_shader_fragment_mask (/usr/lib/amdvlk64.so) version 0.0.1
[VULKAN]@3.123: Device Extension: VK_AMD_texture_gather_bias_lod (/usr/lib/amdvlk64.so) version 0.0.1
[VULKAN]@3.123: Device Extension: VK_AMD_mixed_attachment_samples (/usr/lib/amdvlk64.so) version 0.0.1
[VULKAN]@3.123: Device Extension: VK_EXT_sample_locations (/usr/lib/amdvlk64.so) version 0.0.1
[VULKAN]@3.123: Device Extension: VK_EXT_shader_subgroup_vote (/usr/lib/amdvlk64.so) version 0.0.1
[VULKAN]@3.123: Device Extension: VK_KHR_16bit_storage (/usr/lib/amdvlk64.so) version 0.0.1
[VULKAN]@3.123: Device Extension: VK_KHR_storage_buffer_storage_class (/usr/lib/amdvlk64.so) version 0.0.1
[VULKAN]@3.123: Device Extension: VK_AMD_gpa_interface (/usr/lib/amdvlk64.so) version 0.0.1
[VULKAN]@3.123: Device Extension: VK_EXT_shader_subgroup_ballot (/usr/lib/amdvlk64.so) version 0.0.1
[VULKAN]@3.123: Device Extension: VK_EXT_shader_stencil_export (/usr/lib/amdvlk64.so) version 0.0.1
[VULKAN]@3.123: Device Extension: VK_EXT_shader_viewport_index_layer (/usr/lib/amdvlk64.so) version 0.0.1
[VULKAN]@3.123: Device Extension: VK_KHR_get_memory_requirements2 (/usr/lib/amdvlk64.so) version 0.0.1
[VULKAN]@3.123: Device Extension: VK_KHR_image_format_list (/usr/lib/amdvlk64.so) version 0.0.1
[VULKAN]@3.123: Device Extension: VK_KHR_multiview (/usr/lib/amdvlk64.so) version 0.0.1
[VULKAN]@3.123: Device Extension: VK_KHR_external_fence (/usr/lib/amdvlk64.so) version 0.0.1
[VULKAN]@3.123: Device Extension: VK_KHR_external_fence_fd (/usr/lib/amdvlk64.so) version 0.0.1
[VULKAN]@3.123: Device Extension: VK_EXT_global_priority (/usr/lib/amdvlk64.so) version 0.0.2
[VULKAN]@3.123: Device Extension: VK_AMD_buffer_marker (/usr/lib/amdvlk64.so) version 0.0.1
[VULKAN]@3.123: Device Extension: VK_AMD_shader_image_load_store_lod (/usr/lib/amdvlk64.so) version 0.0.1
[VULKAN]@3.123: Device Extension: VK_EXT_external_memory_host (/usr/lib/amdvlk64.so) version 0.0.1
[VULKAN]@3.123: Device Extension: VK_EXT_depth_range_unrestricted (/usr/lib/amdvlk64.so) version 0.0.1
[VULKAN]@3.123: Device Extension: VK_AMD_shader_core_properties (/usr/lib/amdvlk64.so) version 0.0.1
[VULKAN]@3.123: Device Extension: VK_EXT_queue_family_foreign (/usr/lib/amdvlk64.so) version 0.0.1
[INFO]@3.123: Added extension: VK_KHR_swapchain
[INFO]@3.123: Initialized Renderer!
